sorted values : anxiety 5
sorted values : arrhythmia 3
sorted values : blindness 1
sorted values : blurred vision 5
sorted values : constricted pupils 3
sorted values : cough 6
sorted values : dilated pupils 4
sorted values : dizziness 5
sorted values : dry mouth 8
sorted values : fever 7
sorted values : headache 3
sorted values : high blood pressure 10
sorted values : inflammation 7
sorted values : insomnia 4
sorted values : low blood pressure 4
sorted values : nausea 5
sorted values : rapid heart rate 1
sorted values : rash 4
sorted values : shortness of breath 3
sorted values : stiff neck 4
sorted values : stomach pain 3
sorted values : tremor 4
sorted values : water retention 1
